---------------------------------------------------------------------------------------------------------------------------------------------
      name:  dealog
       log:  G:\Work\Work\STATA-DEA\dea.log
  log type:  text
 opened on:  21 Dec 2014, 15:37:25

options: RTS(VRS) ORT(IN) STAGE(2)
VRS-INPUT Oriented DEA Efficiency Results:
                                 ref:      ref:      ref:      ref:      ref:      ref:      ref:      ref:      ref:      ref:      ref:
            rank     theta         1         2         3         4         5         6         7         8         9        10        11
 dmu:1         1         1         1         .         .         .         .         .         .         .         .         .         .
 dmu:2         1         1         0         1         .         .         .         .         .         .         .         .         .
 dmu:3         4   .847291         .   .463054         .   .536946         .         .         .         .         .         .         .
 dmu:4         1         1         .         0         .         1         .         .         .         .         .         .         .
 dmu:5        39   .315601         .   .525558         .   .474442         .         .         .         .         .         .         .
 dmu:6        14   .494053         .   .736341         .   .263659         .         .         .         .         .         .         .
 dmu:7        30   .434531         .   .854882         .   .145118         .         .         .         .         .         .         .
 dmu:8         5   .572069         .         .         .         1         .         .         .         .         .         .         .
 dmu:9         7   .539011         .   .423322         .   .576678         .         .         .         .         .         .         .
dmu:10        19   .489505   .660169   .339831         .         .         .         .         .         .         .         .         .
dmu:11        37   .378557         .   .943432         .   .056568         .         .         .         .         .         .         .
dmu:12        18   .490803         .   .462388         .   .537612         .         .         .         .         .         .         .
dmu:13         9    .52569         .    .45523         .    .54477         .         .         .         .         .         .         .
dmu:14        35    .41952         .  6.48e-11         .         1         .         .         .         .         .         .         .
dmu:15        38   .365385         .   .191844         .   .808156         .         .         .         .         .         .         .
dmu:16        21   .485077         .  6.22e-09         .         1         .         .         .         .         .         .         .
dmu:17        11   .495155         .   .801159         .   .198841         .         .         .         .         .         .         .
dmu:18        33   .430317   .296884   .703116         .         .         .         .         .         .         .         .         .
dmu:19        10   .503872         .   .755659         .   .244341         .         .         .         .         .         .         .
dmu:20        15   .493183         .  .0895188         .   .910481         .         .         .         .         .         .         .
dmu:21        23   .465197         .     .2217         .     .7783         .         .         .         .         .         .         .
dmu:22        28   .452182         .    .43892         .    .56108         .         .         .         .         .         .         .
dmu:23        25   .459924         .  .0600287         .   .939971         .         .         .         .         .         .         .
dmu:24        12   .494365         .   .558309         .   .441691         .         .         .         .         .         .         .
dmu:25         6   .546077         .  2.32e-08         .         1         .         .         .         .         .         .         .
dmu:26        20   .486187         .   .558484         .   .441516         .         .         .         .         .         .         .
dmu:27        16   .492315         .   .324746         .   .675254         .         .         .         .         .         .         .
dmu:28        31   .434173         .    .71522         .    .28478         .         .         .         .         .         .         .
dmu:29        32   .431279         .  5.47e-09         .         1         .         .         .         .         .         .         .
dmu:30        17   .491097         .    .09828         .    .90172         .         .         .         .         .         .         .
dmu:31        40   .218574         .   .678614         .   .321386         .         .         .         .         .         .         .
dmu:32        27   .455258   .833766   .166234         .         .         .         .         .         .         .         .         .
dmu:33        24   .463905         .   .183309         .   .816691         .         .         .         .         .         .         .
dmu:34        29   .451767         .  .0160929         .   .983907         .         .         .         .         .         .         .
dmu:35        13   .494154         .   .239073         .   .760927         .         .         .         .         .         .         .
dmu:36        26    .45527         .   .991429         .  .0085711         .         .         .         .         .         .         .
dmu:37        22   .465999         .   .853375         .   .146625         .         .         .         .         .         .         .
dmu:38         8   .527424         .   .567693         .   .432307         .         .         .         .         .         .         .
dmu:39        34   .426185         .  .0607686         .   .939231         .         .         .         .         .         .         .
dmu:40        36   .380716  .0981848   .901815         .         .         .         .         .         .         .         .         .

             ref:      ref:      ref:      ref:      ref:      ref:      ref:      ref:      ref:      ref:      ref:      ref:      ref:
              12        13        14        15        16        17        18        19        20        21        22        23        24
 dmu:1         .         .         .         .         .         .         .         .         .         .         .         .         .
 dmu:2         .         .         .         .         .         .         .         .         .         .         .         .         .
 dmu:3         .         .         .         .         .         .         .         .         .         .         .         .         .
 dmu:4         .         .         .         .         .         .         .         .         .         .         .         .         .
 dmu:5         .         .         .         .         .         .         .         .         .         .         .         .         .
 dmu:6         .         .         .         .         .         .         .         .         .         .         .         .         .
 dmu:7         .         .         .         .         .         .         .         .         .         .         .         .         .
 dmu:8         .         .         .         .         .         .         .         .         .         .         .         .         .
 dmu:9         .         .         .         .         .         .         .         .         .         .         .         .         .
dmu:10         .         .         .         .         .         .         .         .         .         .         .         .         .
dmu:11         .         .         .         .         .         .         .         .         .         .         .         .         .
dmu:12         .         .         .         .         .         .         .         .         .         .         .         .         .
dmu:13         .         .         .         .         .         .         .         .         .         .         .         .         .
dmu:14         .         .         .         .         .         .         .         .         .         .         .         .         .
dmu:15         .         .         .         .         .         .         .         .         .         .         .         .         .
dmu:16         .         .         .         .         .         .         .         .         .         .         .         .         .
dmu:17         .         .         .         .         .         .         .         .         .         .         .         .         .
dmu:18         .         .         .         .         .         .         .         .         .         .         .         .         .
dmu:19         .         .         .         .         .         .         .         .         .         .         .         .         .
dmu:20         .         .         .         .         .         .         .         .         .         .         .         .         .
dmu:21         .         .         .         .         .         .         .         .         .         .         .         .         .
dmu:22         .         .         .         .         .         .         .         .         .         .         .         .         .
dmu:23         .         .         .         .         .         .         .         .         .         .         .         .         .
dmu:24         .         .         .         .         .         .         .         .         .         .         .         .         .
dmu:25         .         .         .         .         .         .         .         .         .         .         .         .         .
dmu:26         .         .         .         .         .         .         .         .         .         .         .         .         .
dmu:27         .         .         .         .         .         .         .         .         .         .         .         .         .
dmu:28         .         .         .         .         .         .         .         .         .         .         .         .         .
dmu:29         .         .         .         .         .         .         .         .         .         .         .         .         .
dmu:30         .         .         .         .         .         .         .         .         .         .         .         .         .
dmu:31         .         .         .         .         .         .         .         .         .         .         .         .         .
dmu:32         .         .         .         .         .         .         .         .         .         .         .         .         .
dmu:33         .         .         .         .         .         .         .         .         .         .         .         .         .
dmu:34         .         .         .         .         .         .         .         .         .         .         .         .         .
dmu:35         .         .         .         .         .         .         .         .         .         .         .         .         .
dmu:36         .         .         .         .         .         .         .         .         .         .         .         .         .
dmu:37         .         .         .         .         .         .         .         .         .         .         .         .         .
dmu:38         .         .         .         .         .         .         .         .         .         .         .         .         .
dmu:39         .         .         .         .         .         .         .         .         .         .         .         .         .
dmu:40         .         .         .         .         .         .         .         .         .         .         .         .         .

             ref:      ref:      ref:      ref:      ref:      ref:      ref:      ref:      ref:      ref:      ref:      ref:      ref:
              25        26        27        28        29        30        31        32        33        34        35        36        37
 dmu:1         .         .         .         .         .         .         .         .         .         .         .         .         .
 dmu:2         .         .         .         .         .         .         .         .         .         .         .         .         .
 dmu:3         .         .         .         .         .         .         .         .         .         .         .         .         .
 dmu:4         .         .         .         .         .         .         .         .         .         .         .         .         .
 dmu:5         .         .         .         .         .         .         .         .         .         .         .         .         .
 dmu:6         .         .         .         .         .         .         .         .         .         .         .         .         .
 dmu:7         .         .         .         .         .         .         .         .         .         .         .         .         .
 dmu:8         .         .         .         .         .         .         .         .         .         .         .         .         .
 dmu:9         .         .         .         .         .         .         .         .         .         .         .         .         .
dmu:10         .         .         .         .         .         .         .         .         .         .         .         .         .
dmu:11         .         .         .         .         .         .         .         .         .         .         .         .         .
dmu:12         .         .         .         .         .         .         .         .         .         .         .         .         .
dmu:13         .         .         .         .         .         .         .         .         .         .         .         .         .
dmu:14         .         .         .         .         .         .         .         .         .         .         .         .         .
dmu:15         .         .         .         .         .         .         .         .         .         .         .         .         .
dmu:16         .         .         .         .         .         .         .         .         .         .         .         .         .
dmu:17         .         .         .         .         .         .         .         .         .         .         .         .         .
dmu:18         .         .         .         .         .         .         .         .         .         .         .         .         .
dmu:19         .         .         .         .         .         .         .         .         .         .         .         .         .
dmu:20         .         .         .         .         .         .         .         .         .         .         .         .         .
dmu:21         .         .         .         .         .         .         .         .         .         .         .         .         .
dmu:22         .         .         .         .         .         .         .         .         .         .         .         .         .
dmu:23         .         .         .         .         .         .         .         .         .         .         .         .         .
dmu:24         .         .         .         .         .         .         .         .         .         .         .         .         .
dmu:25         .         .         .         .         .         .         .         .         .         .         .         .         .
dmu:26         .         .         .         .         .         .         .         .         .         .         .         .         .
dmu:27         .         .         .         .         .         .         .         .         .         .         .         .         .
dmu:28         .         .         .         .         .         .         .         .         .         .         .         .         .
dmu:29         .         .         .         .         .         .         .         .         .         .         .         .         .
dmu:30         .         .         .         .         .         .         .         .         .         .         .         .         .
dmu:31         .         .         .         .         .         .         .         .         .         .         .         .         .
dmu:32         .         .         .         .         .         .         .         .         .         .         .         .         .
dmu:33         .         .         .         .         .         .         .         .         .         .         .         .         .
dmu:34         .         .         .         .         .         .         .         .         .         .         .         .         .
dmu:35         .         .         .         .         .         .         .         .         .         .         .         .         .
dmu:36         .         .         .         .         .         .         .         .         .         .         .         .         .
dmu:37         .         .         .         .         .         .         .         .         .         .         .         .         .
dmu:38         .         .         .         .         .         .         .         .         .         .         .         .         .
dmu:39         .         .         .         .         .         .         .         .         .         .         .         .         .
dmu:40         .         .         .         .         .         .         .         .         .         .         .         .         .

             ref:      ref:      ref:   islack:   islack:   oslack:
              38        39        40        x1        x2         y
 dmu:1         .         .         .         .         0         .
 dmu:2         .         .         .         .         .         .
 dmu:3         .         .         .         .         .         .
 dmu:4         .         .         .         .         .         .
 dmu:5         .         .         .         .         .         .
 dmu:6         .         .         .  2.82e-08         .         0
 dmu:7         .         .         .  9.54e-09         .         0
 dmu:8         .         .         .   .391171         .         .
 dmu:9         .         .         .         .         .         .
dmu:10         .         .         .         .         .         .
dmu:11         .         .         .         .         .         .
dmu:12         .         .         .  2.60e-08         .         0
dmu:13         .         .         .         .         .         .
dmu:14         .         .         .  .0201225         .         0
dmu:15         .         .         .  1.29e-08         .         0
dmu:16         .         .         .   .161426         .         0
dmu:17         .         .         .         .         .         .
dmu:18         .         .         .         .  1.37e-08         0
dmu:19         .         .         .         .         .         .
dmu:20         .         .         .  1.34e-08         .         0
dmu:21         .         .         .         .         .         .
dmu:22         .         .         .  1.03e-08         .         0
dmu:23         .         .         .         .         .         .
dmu:24         .         .         .  3.34e-08         .         0
dmu:25         .         .         .   .356943         .         0
dmu:26         .         .         .         .         .         .
dmu:27         .         .         .  3.17e-08         .         0
dmu:28         .         .         .  2.88e-08         .         0
dmu:29         .         .         .  .0084254         .         0
dmu:30         .         .         .         .         .         .
dmu:31         .         .         .  1.81e-08         .         0
dmu:32         .         .         .         .         .         .
dmu:33         .         .         .  2.72e-09         .         0
dmu:34         .         .         .  1.85e-08         .         0
dmu:35         .         .         .         .         .         .
dmu:36         .         .         .         .         .         .
dmu:37         .         .         .  1.52e-08         .         0
dmu:38         .         .         .         .         .         .
dmu:39         .         .         .  3.63e-08         .         0
dmu:40         .         .         .         .  6.68e-08         0


VRS Frontier(-1:drs, 0:crs, 1:irs)
          CRS_TE    VRS_TE   NIRS_TE     SCALE       RTS
 dmu:1  1.000000  1.000000  1.000000  1.000000  0.000000
 dmu:2  1.000000  1.000000  1.000000  1.000000  0.000000
 dmu:3  0.847291  0.847291  0.847291  1.000000  0.000000
 dmu:4  1.000000  1.000000  1.000000  1.000000  0.000000
 dmu:5  0.315601  0.315601  0.315601  1.000000  0.000000
 dmu:6  0.494053  0.494053  0.494053  1.000000  0.000000
 dmu:7  0.434531  0.434531  0.434531  1.000000  0.000000
 dmu:8  0.572069  0.572069  0.411214  1.000000  0.000000
 dmu:9  0.539011  0.539011  0.539011  1.000000  0.000000
dmu:10  0.489505  0.489505  0.489505  1.000000  0.000000
dmu:11  0.378557  0.378557  0.378557  1.000000  0.000000
dmu:12  0.490803  0.490803  0.490803  1.000000  0.000000
dmu:13  0.525690  0.525690  0.525690  1.000000  0.000000
dmu:14  0.419520  0.419520  0.411245  1.000000  0.000000
dmu:15  0.365385  0.365385  0.365385  1.000000  0.000000
dmu:16  0.485077  0.485077  0.417657  1.000000  0.000000
dmu:17  0.495155  0.495155  0.495155  1.000000  0.000000
dmu:18  0.430317  0.430317  0.430317  1.000000  0.000000
dmu:19  0.503872  0.503872  0.503872  1.000000  0.000000
dmu:20  0.493183  0.493183  0.493183  1.000000  0.000000
dmu:21  0.465197  0.465197  0.465197  1.000000  0.000000
dmu:22  0.452182  0.452182  0.452182  1.000000  0.000000
dmu:23  0.459924  0.459924  0.459924  1.000000  0.000000
dmu:24  0.494365  0.494365  0.494365  1.000000  0.000000
dmu:25  0.546077  0.546077  0.402432  1.000000  0.000000
dmu:26  0.486187  0.486187  0.486187  1.000000  0.000000
dmu:27  0.492315  0.492315  0.492315  1.000000  0.000000
dmu:28  0.434173  0.434173  0.434173  1.000000  0.000000
dmu:29  0.431279  0.431279  0.427676  1.000000  0.000000
dmu:30  0.491097  0.491097  0.491097  1.000000  0.000000
dmu:31  0.218574  0.218574  0.218574  1.000000  0.000000
dmu:32  0.455258  0.455258  0.455258  1.000000  0.000000
dmu:33  0.463905  0.463905  0.463905  1.000000  0.000000
dmu:34  0.451767  0.451767  0.451767  1.000000  0.000000
dmu:35  0.494154  0.494154  0.494154  1.000000  0.000000
dmu:36  0.455270  0.455270  0.455270  1.000000  0.000000
dmu:37  0.465999  0.465999  0.465999  1.000000  0.000000
dmu:38  0.527424  0.527424  0.527424  1.000000  0.000000
dmu:39  0.426185  0.426185  0.426185  1.000000  0.000000
dmu:40  0.380716  0.380716  0.380716  1.000000  0.000000


VRS Frontier:

     +----------------------------------------------------------------------------------------------------------------------------------+
  1. | dmu | y |   xtheo1 |   xtheo2 |       x1 |       x2 | _fdh_i~t | _fdhra~t | _fdhre~t |  ex1_fdh |  ex2_fdh | _oa_i~95 | _oara~95 |
     |   1 | 1 |  1.96119 | .5098946 |      .25 |        1 |        1 |        1 |        1 |      .25 |        1 | 2.320576 |        1 |
     |----------------------------------------------------------------------------------------------------------------------------------|
     | _oare~95 |   ex1_oa |   ex2_oa | _om_i~12 | _omra~12 | _omre~12 |   ex1_om |   ex2_om |   CRS_TE  |   VRS_TE  |    SCALE  | RTS  |
     |       10 |  .580144 | 2.320576 | 2.097019 |        1 |       10 | .5242547 | 2.097019 | 1.000000  | 1.000000  | 1.000000  |   -  |
     +----------------------------------------------------------------------------------------------------------------------------------+

     +----------------------------------------------------------------------------------------------------------------------------------+
  2. | dmu | y |   xtheo1 |   xtheo2 |       x1 |       x2 | _fdh_i~t | _fdhra~t | _fdhre~t |  ex1_fdh |  ex2_fdh | _oa_i~95 | _oara~95 |
     |   2 | 1 | 1.484114 | .6738026 |      .35 |     .625 |        1 |        1 |        2 |      .35 |     .625 | 2.231463 |        3 |
     |----------------------------------------------------------------------------------------------------------------------------------|
     | _oare~95 |   ex1_oa |   ex2_oa | _om_i~12 | _omra~12 | _omre~12 |   ex1_om |   ex2_om |   CRS_TE  |   VRS_TE  |    SCALE  | RTS  |
     |       36 |  .781012 | 1.394664 | 1.975289 |        2 |       36 | .6913511 | 1.234555 | 1.000000  | 1.000000  | 1.000000  |   -  |
     +----------------------------------------------------------------------------------------------------------------------------------+

     +----------------------------------------------------------------------------------------------------------------------------------+
  3. | dmu | y |   xtheo1 |   xtheo2 |       x1 |       x2 | _fdh_i~t | _fdhra~t | _fdhre~t |  ex1_fdh |  ex2_fdh | _oa_i~95 | _oara~95 |
     |   3 | 1 | .5606411 | 1.783672 |     .825 |       .5 |        1 |        1 |        3 |     .825 |       .5 |     1.25 |        4 |
     |----------------------------------------------------------------------------------------------------------------------------------|
     | _oare~95 |   ex1_oa |   ex2_oa | _om_i~12 | _omra~12 | _omre~12 |   ex1_om |   ex2_om |   CRS_TE  |   VRS_TE  |    SCALE  | RTS  |
     |        2 |  1.03125 |     .625 | 1.367079 |        4 |        2 |  1.12784 | .6835396 | 0.847291  | 0.847291  | 1.000000  |   -  |
     +----------------------------------------------------------------------------------------------------------------------------------+

     +----------------------------------------------------------------------------------------------------------------------------------+
  4. | dmu | y |   xtheo1 |   xtheo2 |       x1 |       x2 | _fdh_i~t | _fdhra~t | _fdhre~t |  ex1_fdh |  ex2_fdh | _oa_i~95 | _oara~95 |
     |   4 | 1 | .5690379 | 1.757352 |        1 |      .25 |        1 |        1 |        4 |        1 |      .25 | 2.266966 |        2 |
     |----------------------------------------------------------------------------------------------------------------------------------|
     | _oare~95 |   ex1_oa |   ex2_oa | _om_i~12 | _omra~12 | _omre~12 |   ex1_om |   ex2_om |   CRS_TE  |   VRS_TE  |    SCALE  | RTS  |
     |       34 | 2.266966 | .5667414 | 1.923007 |        3 |        3 | 1.923007 | .4807516 | 1.000000  | 1.000000  | 1.000000  |   -  |
     +----------------------------------------------------------------------------------------------------------------------------------+

     +----------------------------------------------------------------------------------------------------------------------------------+
  5. | dmu | y |   xtheo1 |   xtheo2 |       x1 |       x2 | _fdh_i~t | _fdhra~t | _fdhre~t |  ex1_fdh |  ex2_fdh | _oa_i~95 | _oara~95 |
     |   5 | 1 | 2.025244 | .4937677 |  2.08614 | 1.416612 | .3954673 |       37 |        3 |     .825 | .5602238 | .4793543 |       39 |
     |----------------------------------------------------------------------------------------------------------------------------------|
     | _oare~95 |   ex1_oa |   ex2_oa | _om_i~12 | _omra~12 | _omre~12 |   ex1_om |   ex2_om |   CRS_TE  |   VRS_TE  |    SCALE  | RTS  |
     |        4 |        1 | .6790591 | .5197225 |       39 |        4 | 1.084214 | .7362452 | 0.315601  | 0.315601  | 1.000000  |   -  |
     +----------------------------------------------------------------------------------------------------------------------------------+

     +----------------------------------------------------------------------------------------------------------------------------------+
  6. | dmu | y |   xtheo1 |   xtheo2 |       x1 |       x2 | _fdh_i~t | _fdhra~t | _fdhre~t |  ex1_fdh |  ex2_fdh | _oa_i~95 | _oara~95 |
     |   6 | 1 | 1.016387 | .9838774 | 1.055308 | 1.064923 | .5868971 |       12 |        2 | .6193575 |     .625 | .9390353 |       19 |
     |----------------------------------------------------------------------------------------------------------------------------------|
     | _oare~95 |   ex1_oa |   ex2_oa | _om_i~12 | _omra~12 | _omre~12 |   ex1_om |   ex2_om |   CRS_TE  |   VRS_TE  |    SCALE  | RTS  |
     |        1 | .9909719 |        1 |  .852712 |       19 |        3 | .8998742 | .9080724 | 0.494053  | 0.494053  | 1.000000  |   -  |
     +----------------------------------------------------------------------------------------------------------------------------------+

     +----------------------------------------------------------------------------------------------------------------------------------+
  7. | dmu | y |   xtheo1 |   xtheo2 |       x1 |       x2 | _fdh_i~t | _fdhra~t | _fdhre~t |  ex1_fdh |  ex2_fdh | _oa_i~95 | _oara~95 |
     |   7 | 1 | .8486721 | 1.178311 | 1.022543 | 1.313095 | .4759748 |       29 |        2 | .4867046 |     .625 | .8068122 |       32 |
     |----------------------------------------------------------------------------------------------------------------------------------|
     | _oare~95 |   ex1_oa |   ex2_oa | _om_i~12 | _omra~12 | _omre~12 |   ex1_om |   ex2_om |   CRS_TE  |   VRS_TE  |    SCALE  | RTS  |
     |        3 |     .825 | 1.059421 | .7842202 |       32 |        3 | .8018987 | 1.029755 | 0.434531  | 0.434531  | 1.000000  |   -  |
     +----------------------------------------------------------------------------------------------------------------------------------+

     +----------------------------------------------------------------------------------------------------------------------------------+
  8. | dmu | y |   xtheo1 |   xtheo2 |       x1 |       x2 | _fdh_i~t | _fdhra~t | _fdhre~t |  ex1_fdh |  ex2_fdh | _oa_i~95 | _oara~95 |
     |   8 | 1 | 2.375417 | .4209787 | 2.431824 | .4370103 | .5720689 |       15 |        4 | 1.391171 |      .25 | 1.047597 |        5 |
     |----------------------------------------------------------------------------------------------------------------------------------|
     | _oare~95 |   ex1_oa |   ex2_oa | _om_i~12 | _omra~12 | _omre~12 |   ex1_om |   ex2_om |   CRS_TE  |   VRS_TE  |    SCALE  | RTS  |
     |       25 | 2.547572 | .4578107 | 1.004283 |        5 |        8 | 2.442239 | .4388819 | 0.572069  | 0.572069  | 1.000000  |   -  |
     +----------------------------------------------------------------------------------------------------------------------------------+

     +----------------------------------------------------------------------------------------------------------------------------------+
  9. | dmu | y |   xtheo1 |   xtheo2 |       x1 |       x2 | _fdh_i~t | _fdhra~t | _fdhre~t |  ex1_fdh |  ex2_fdh | _oa_i~95 | _oara~95 |
     |   9 | 1 | 1.335289 | .7489016 | 1.344759 | .7583248 | .6593481 |        6 |        3 | .8866646 |       .5 | .8241851 |       29 |
     |----------------------------------------------------------------------------------------------------------------------------------|
     | _oare~95 |   ex1_oa |   ex2_oa | _om_i~12 | _omra~12 | _omre~12 |   ex1_om |   ex2_om |   CRS_TE  |   VRS_TE  |    SCALE  | RTS  |
     |        2 | 1.108331 |     .625 | .8730798 |       13 |        2 | 1.174082 | .6620781 | 0.539011  | 0.539011  | 1.000000  |   -  |
     +----------------------------------------------------------------------------------------------------------------------------------+

     +----------------------------------------------------------------------------------------------------------------------------------+
 10. | dmu | y |   xtheo1 |   xtheo2 |       x1 |       x2 | _fdh_i~t | _fdhra~t | _fdhre~t |  ex1_fdh |  ex2_fdh | _oa_i~95 | _oara~95 |
     |  10 | 1 | .5647779 | 1.770607 |  .580144 | 1.782544 | .5609959 |       17 |        1 | .3254584 | .9999999 |        1 |        6 |
     |----------------------------------------------------------------------------------------------------------------------------------|
     | _oare~95 |   ex1_oa |   ex2_oa | _om_i~12 | _omra~12 | _omre~12 |   ex1_om |   ex2_om |   CRS_TE  |   VRS_TE  |    SCALE  | RTS  |
     |       10 |  .580144 | 1.782544 |  .952993 |        6 |       10 | .5528731 | 1.698752 | 0.489505  | 0.489505  | 1.000000  |   -  |
     +----------------------------------------------------------------------------------------------------------------------------------+

     +----------------------------------------------------------------------------------------------------------------------------------+
 11. | dmu | y |   xtheo1 |   xtheo2 |       x1 |       x2 | _fdh_i~t | _fdhra~t | _fdhre~t |  ex1_fdh |  ex2_fdh | _oa_i~95 | _oara~95 |
     |  11 | 1 | .9834033 | 1.016877 | 1.021694 |  1.59497 | .3918568 |       38 |        2 | .4003577 |     .625 | .8074826 |       31 |
     |----------------------------------------------------------------------------------------------------------------------------------|
     | _oare~95 |   ex1_oa |   ex2_oa | _om_i~12 | _omra~12 | _omre~12 |   ex1_om |   ex2_om |   CRS_TE  |   VRS_TE  |    SCALE  | RTS  |
     |        3 |     .825 | 1.287911 | .7151458 |       37 |        1 |   .73066 | 1.140636 | 0.378557  | 0.378557  | 1.000000  |   -  |
     +----------------------------------------------------------------------------------------------------------------------------------+

     +----------------------------------------------------------------------------------------------------------------------------------+
 12. | dmu | y |   xtheo1 |   xtheo2 |       x1 |       x2 | _fdh_i~t | _fdhra~t | _fdhre~t |  ex1_fdh |  ex2_fdh | _oa_i~95 | _oara~95 |
     |  12 | 1 | 1.289857 |   .77528 |  1.42511 | .8626592 | .5796031 |       14 |        3 | .8259981 |       .5 | .7245039 |       36 |
     |----------------------------------------------------------------------------------------------------------------------------------|
     | _oare~95 |   ex1_oa |   ex2_oa | _om_i~12 | _omra~12 | _omre~12 |   ex1_om |   ex2_om |   CRS_TE  |   VRS_TE  |    SCALE  | RTS  |
     |        2 | 1.032498 |     .625 | .7973279 |       31 |        2 |  1.13628 | .6878222 | 0.490803  | 0.490803  | 1.000000  |   -  |
     +----------------------------------------------------------------------------------------------------------------------------------+

     +----------------------------------------------------------------------------------------------------------------------------------+
 13. | dmu | y |   xtheo1 |   xtheo2 |       x1 |       x2 | _fdh_i~t | _fdhra~t | _fdhre~t |  ex1_fdh |  ex2_fdh | _oa_i~95 | _oara~95 |
     |  13 | 1 | 1.281959 | .7800559 | 1.339383 | .8003027 | .6247636 |        9 |        3 | .8367976 |       .5 | .7809545 |       33 |
     |----------------------------------------------------------------------------------------------------------------------------------|
     | _oare~95 |   ex1_oa |   ex2_oa | _om_i~12 | _omra~12 | _omre~12 |   ex1_om |   ex2_om |   CRS_TE  |   VRS_TE  |    SCALE  | RTS  |
     |        2 | 1.045997 |     .625 | .8518047 |       20 |        2 | 1.140893 | .6817016 | 0.525690  | 0.525690  | 1.000000  |   -  |
     +----------------------------------------------------------------------------------------------------------------------------------+

     +----------------------------------------------------------------------------------------------------------------------------------+
 14. | dmu | y |   xtheo1 |   xtheo2 |       x1 |       x2 | _fdh_i~t | _fdhra~t | _fdhre~t |  ex1_fdh |  ex2_fdh | _oa_i~95 | _oara~95 |
     |  14 | 1 | 2.043307 | .4894027 | 2.431643 | .5959194 | .4195198 |       35 |        4 | 1.020123 |      .25 |  .951037 |       17 |
     |----------------------------------------------------------------------------------------------------------------------------------|
     | _oare~95 |   ex1_oa |   ex2_oa | _om_i~12 | _omra~12 | _omre~12 |   ex1_om |   ex2_om |   CRS_TE  |   VRS_TE  |    SCALE  | RTS  |
     |       34 | 2.312582 | .5667414 | .8071954 |       29 |        3 | 1.962811 | .4810233 | 0.419520  | 0.419520  | 1.000000  |   -  |
     +----------------------------------------------------------------------------------------------------------------------------------+

     +----------------------------------------------------------------------------------------------------------------------------------+
 15. | dmu | y |   xtheo1 |   xtheo2 |       x1 |       x2 | _fdh_i~t | _fdhra~t | _fdhre~t |  ex1_fdh |  ex2_fdh | _oa_i~95 | _oara~95 |
     |  15 | 1 | 1.949174 | .5130378 | 2.395557 | .8811007 | .4174395 |       36 |        4 |        1 | .3678062 |   .70934 |       37 |
     |----------------------------------------------------------------------------------------------------------------------------------|
     | _oare~95 |   ex1_oa |   ex2_oa | _om_i~12 | _omra~12 | _omre~12 |   ex1_om |   ex2_om |   CRS_TE  |   VRS_TE  |    SCALE  | RTS  |
     |        2 | 1.699264 |     .625 | .6421961 |       38 |        2 | 1.538417 | .5658394 | 0.365385  | 0.365385  | 1.000000  |   -  |
     +----------------------------------------------------------------------------------------------------------------------------------+

     +----------------------------------------------------------------------------------------------------------------------------------+
 16. | dmu | y |   xtheo1 |   xtheo2 |       x1 |       x2 | _fdh_i~t | _fdhra~t | _fdhre~t |  ex1_fdh |  ex2_fdh | _oa_i~95 | _oara~95 |
     |  16 | 1 | 2.245543 | .4453266 | 2.394311 | .5153817 | .4850774 |       27 |        4 | 1.161426 |      .25 |        1 |        6 |
     |----------------------------------------------------------------------------------------------------------------------------------|
     | _oare~95 |   ex1_oa |   ex2_oa | _om_i~12 | _omra~12 | _omre~12 |   ex1_om |   ex2_om |   CRS_TE  |   VRS_TE  |    SCALE  | RTS  |
     |       16 | 2.394311 | .5153817 | .8798612 |       11 |        3 | 2.106661 | .4534644 | 0.485077  | 0.485077  | 1.000000  |   -  |
     +----------------------------------------------------------------------------------------------------------------------------------+

     +----------------------------------------------------------------------------------------------------------------------------------+
 17. | dmu | y |   xtheo1 |   xtheo2 |       x1 |       x2 | _fdh_i~t | _fdhra~t | _fdhre~t |  ex1_fdh |  ex2_fdh | _oa_i~95 | _oara~95 |
     |  17 | 1 | .9217712 | 1.084868 | .9678717 | 1.111641 | .5622317 |       16 |        2 | .5441682 |     .625 | .8995708 |       22 |
     |----------------------------------------------------------------------------------------------------------------------------------|
     | _oare~95 |   ex1_oa |   ex2_oa | _om_i~12 | _omra~12 | _omre~12 |   ex1_om |   ex2_om |   CRS_TE  |   VRS_TE  |    SCALE  | RTS  |
     |        1 | .8706691 |        1 | .8690131 |       16 |        3 | .8410931 | .9660308 | 0.495155  | 0.495155  | 1.000000  |   -  |
     +----------------------------------------------------------------------------------------------------------------------------------+

     +----------------------------------------------------------------------------------------------------------------------------------+
 18. | dmu | y |   xtheo1 |   xtheo2 |       x1 |       x2 | _fdh_i~t | _fdhra~t | _fdhre~t |  ex1_fdh |  ex2_fdh | _oa_i~95 | _oara~95 |
     |  18 | 1 | .5938705 | 1.683869 | .7443627 |  1.71114 | .4702009 |       30 |        2 |      .35 | .8045794 |        1 |        6 |
     |----------------------------------------------------------------------------------------------------------------------------------|
     | _oare~95 |   ex1_oa |   ex2_oa | _om_i~12 | _omra~12 | _omre~12 |   ex1_om |   ex2_om |   CRS_TE  |   VRS_TE  |    SCALE  | RTS  |
     |       18 | .7443627 |  1.71114 | .8331811 |       23 |       18 |  .620189 | 1.425689 | 0.430317  | 0.430317  | 1.000000  |   -  |
     +----------------------------------------------------------------------------------------------------------------------------------+

     +----------------------------------------------------------------------------------------------------------------------------------+
 19. | dmu | y |   xtheo1 |   xtheo2 |       x1 |       x2 | _fdh_i~t | _fdhra~t | _fdhre~t |  ex1_fdh |  ex2_fdh | _oa_i~95 | _oara~95 |
     |  19 | 1 | .9732444 | 1.027491 | 1.009823 | 1.058547 |  .590432 |       11 |        2 | .5962316 |     .625 | .9446912 |       18 |
     |----------------------------------------------------------------------------------------------------------------------------------|
     | _oare~95 |   ex1_oa |   ex2_oa | _om_i~12 | _omra~12 | _omre~12 |   ex1_om |   ex2_om |   CRS_TE  |   VRS_TE  |    SCALE  | RTS  |
     |        1 | .9539706 |        1 |  .872368 |       14 |        3 |  .880937 | .9234425 | 0.503872  | 0.503872  | 1.000000  |   -  |
     +----------------------------------------------------------------------------------------------------------------------------------+

     +----------------------------------------------------------------------------------------------------------------------------------+
 20. | dmu | y |   xtheo1 |   xtheo2 |       x1 |       x2 | _fdh_i~t | _fdhra~t | _fdhre~t |  ex1_fdh |  ex2_fdh | _oa_i~95 | _oara~95 |
     |  20 | 1 | 1.849401 | .5407156 | 1.909662 | .5749784 | .5236528 |       23 |        4 | .9999999 |  .301089 |        1 |        6 |
     |----------------------------------------------------------------------------------------------------------------------------------|
     | _oare~95 |   ex1_oa |   ex2_oa | _om_i~12 | _omra~12 | _omre~12 |   ex1_om |   ex2_om |   CRS_TE  |   VRS_TE  |    SCALE  | RTS  |
     |       20 | 1.909662 | .5749784 | .8906433 |        9 |        3 | 1.700828 | .5121007 | 0.493183  | 0.493183  | 1.000000  |   -  |
     +----------------------------------------------------------------------------------------------------------------------------------+

     +----------------------------------------------------------------------------------------------------------------------------------+
 21. | dmu | y |   xtheo1 |   xtheo2 |       x1 |       x2 | _fdh_i~t | _fdhra~t | _fdhre~t |  ex1_fdh |  ex2_fdh | _oa_i~95 | _oara~95 |
     |  21 | 1 | 1.657038 | .6034864 | 1.839856 | .7161212 | .5435208 |       20 |        4 |        1 | .3892268 | .8727573 |       25 |
     |----------------------------------------------------------------------------------------------------------------------------------|
     | _oare~95 |   ex1_oa |   ex2_oa | _om_i~12 | _omra~12 | _omre~12 |   ex1_om |   ex2_om |   CRS_TE  |   VRS_TE  |    SCALE  | RTS  |
     |        2 | 1.605748 |     .625 | .8090014 |       28 |        2 | 1.488446 |  .579343 | 0.465197  | 0.465197  | 1.000000  |   -  |
     +----------------------------------------------------------------------------------------------------------------------------------+

     +----------------------------------------------------------------------------------------------------------------------------------+
 22. | dmu | y |   xtheo1 |   xtheo2 |       x1 |       x2 | _fdh_i~t | _fdhra~t | _fdhre~t |  ex1_fdh |  ex2_fdh | _oa_i~95 | _oara~95 |
     |  22 | 1 | 1.192244 | .8387545 | 1.580563 | .9168763 | .5453299 |       19 |        3 | .8619283 |       .5 | .6816623 |       38 |
     |----------------------------------------------------------------------------------------------------------------------------------|
     | _oare~95 |   ex1_oa |   ex2_oa | _om_i~12 | _omra~12 | _omre~12 |   ex1_om |   ex2_om |   CRS_TE  |   VRS_TE  |    SCALE  | RTS  |
     |        2 |  1.07741 |     .625 | .7272237 |       36 |        2 | 1.149423 | .6667742 | 0.452182  | 0.452182  | 1.000000  |   -  |
     +----------------------------------------------------------------------------------------------------------------------------------+

     +----------------------------------------------------------------------------------------------------------------------------------+
 23. | dmu | y |   xtheo1 |   xtheo2 |       x1 |       x2 | _fdh_i~t | _fdhra~t | _fdhre~t |  ex1_fdh |  ex2_fdh | _oa_i~95 | _oara~95 |
     |  23 | 1 | 2.044893 | .4890232 | 2.089433 | .5925121 | .4785987 |       28 |        4 |        1 | .2835755 | .9704079 |       16 |
     |----------------------------------------------------------------------------------------------------------------------------------|
     | _oare~95 |   ex1_oa |   ex2_oa | _om_i~12 | _omra~12 | _omre~12 |   ex1_om |   ex2_om |   CRS_TE  |   VRS_TE  |    SCALE  | RTS  |
     |       20 | 2.027602 | .5749784 | .8401548 |       21 |        3 | 1.755447 | .4978018 | 0.459924  | 0.459924  | 1.000000  |   -  |
     +----------------------------------------------------------------------------------------------------------------------------------+

     +----------------------------------------------------------------------------------------------------------------------------------+
 24. | dmu | y |   xtheo1 |   xtheo2 |       x1 |       x2 | _fdh_i~t | _fdhra~t | _fdhre~t |  ex1_fdh |  ex2_fdh | _oa_i~95 | _oara~95 |
     |  24 | 1 | 1.126483 | .8877184 | 1.288723 | .9292049 | .6401687 |        7 |        3 |     .825 | .5948479 | .7759621 |       34 |
     |----------------------------------------------------------------------------------------------------------------------------------|
     | _oare~95 |   ex1_oa |   ex2_oa | _om_i~12 | _omra~12 | _omre~12 |   ex1_om |   ex2_om |   CRS_TE  |   VRS_TE  |    SCALE  | RTS  |
     |        4 |        1 | .7210278 | .8177215 |       27 |        4 | 1.053816 | .7598308 | 0.494365  | 0.494365  | 1.000000  |   -  |
     +----------------------------------------------------------------------------------------------------------------------------------+

     +----------------------------------------------------------------------------------------------------------------------------------+
 25. | dmu | y |   xtheo1 |   xtheo2 |       x1 |       x2 | _fdh_i~t | _fdhra~t | _fdhre~t |  ex1_fdh |  ex2_fdh | _oa_i~95 | _oara~95 |
     |  25 | 1 | 2.463636 | .4059041 | 2.484893 | .4578107 | .5460773 |       18 |        4 | 1.356943 |      .25 |        1 |        6 |
     |----------------------------------------------------------------------------------------------------------------------------------|
     | _oare~95 |   ex1_oa |   ex2_oa | _om_i~12 | _omra~12 | _omre~12 |   ex1_om |   ex2_om |   CRS_TE  |   VRS_TE  |    SCALE  | RTS  |
     |       25 | 2.484893 | .4578107 |  .944746 |        7 |        8 | 2.347592 | .4325148 | 0.546077  | 0.546077  | 1.000000  |   -  |
     +----------------------------------------------------------------------------------------------------------------------------------+

     +----------------------------------------------------------------------------------------------------------------------------------+
 26. | dmu | y |   xtheo1 |   xtheo2 |       x1 |       x2 | _fdh_i~t | _fdhra~t | _fdhre~t |  ex1_fdh |  ex2_fdh | _oa_i~95 | _oara~95 |
     |  26 | 1 | 1.300592 | .7688807 | 1.310164 | .9449682 | .6296923 |        8 |        3 |     .825 | .5950391 | .7632634 |       35 |
     |----------------------------------------------------------------------------------------------------------------------------------|
     | _oare~95 |   ex1_oa |   ex2_oa | _om_i~12 | _omra~12 | _omre~12 |   ex1_om |   ex2_om |   CRS_TE  |   VRS_TE  |    SCALE  | RTS  |
     |        4 |        1 | .7212596 | .8027897 |       30 |        4 | 1.051786 | .7586107 | 0.486187  | 0.486187  | 1.000000  |   -  |
     +----------------------------------------------------------------------------------------------------------------------------------+

     +----------------------------------------------------------------------------------------------------------------------------------+
 27. | dmu | y |   xtheo1 |   xtheo2 |       x1 |       x2 | _fdh_i~t | _fdhra~t | _fdhre~t |  ex1_fdh |  ex2_fdh | _oa_i~95 | _oara~95 |
     |  27 | 1 | 1.525617 | .6554723 | 1.602461 | .7551666 | .6240402 |       10 |        4 |        1 | .4712544 | .8276319 |       28 |
     |----------------------------------------------------------------------------------------------------------------------------------|
     | _oare~95 |   ex1_oa |   ex2_oa | _om_i~12 | _omra~12 | _omre~12 |   ex1_om |   ex2_om |   CRS_TE  |   VRS_TE  |    SCALE  | RTS  |
     |        2 | 1.326248 |     .625 | .8346176 |       22 |        2 | 1.337442 | .6302754 | 0.492315  | 0.492315  | 1.000000  |   -  |
     +----------------------------------------------------------------------------------------------------------------------------------+

     +----------------------------------------------------------------------------------------------------------------------------------+
 28. | dmu | y |   xtheo1 |   xtheo2 |       x1 |       x2 | _fdh_i~t | _fdhra~t | _fdhre~t |  ex1_fdh |  ex2_fdh | _oa_i~95 | _oara~95 |
     |  28 | 1 | 1.191383 | .8393607 | 1.232475 | 1.193552 |  .523647 |       24 |        2 | .6453817 |     .625 | .8113756 |       30 |
     |----------------------------------------------------------------------------------------------------------------------------------|
     | _oare~95 |   ex1_oa |   ex2_oa | _om_i~12 | _omra~12 | _omre~12 |   ex1_om |   ex2_om |   CRS_TE  |   VRS_TE  |    SCALE  | RTS  |
     |        4 |        1 | .9684191 | .7450079 |       34 |        4 | .9182035 | .8892058 | 0.434173  | 0.434173  | 1.000000  |   -  |
     +----------------------------------------------------------------------------------------------------------------------------------+

     +----------------------------------------------------------------------------------------------------------------------------------+
 29. | dmu | y |   xtheo1 |   xtheo2 |       x1 |       x2 | _fdh_i~t | _fdhra~t | _fdhre~t |  ex1_fdh |  ex2_fdh | _oa_i~95 | _oara~95 |
     |  29 | 1 | 2.208936 | .4527066 | 2.338221 | .5796712 |  .431279 |       34 |        4 | 1.008425 |      .25 | .9776946 |       15 |
     |----------------------------------------------------------------------------------------------------------------------------------|
     | _oare~95 |   ex1_oa |   ex2_oa | _om_i~12 | _omra~12 | _omre~12 |   ex1_om |   ex2_om |   CRS_TE  |   VRS_TE  |    SCALE  | RTS  |
     |       34 | 2.286066 | .5667414 | .8331411 |       24 |        3 | 1.948068 | .4829479 | 0.431279  | 0.431279  | 1.000000  |   -  |
     +----------------------------------------------------------------------------------------------------------------------------------+

     +----------------------------------------------------------------------------------------------------------------------------------+
 30. | dmu | y |   xtheo1 |   xtheo2 |       x1 |       x2 | _fdh_i~t | _fdhra~t | _fdhre~t |  ex1_fdh |  ex2_fdh | _oa_i~95 | _oara~95 |
     |  30 | 1 | 1.776007 | .5630609 | 1.906177 | .5841104 | .5246103 |       22 |        4 |        1 | .3064304 |        1 |        6 |
     |----------------------------------------------------------------------------------------------------------------------------------|
     | _oare~95 |   ex1_oa |   ex2_oa | _om_i~12 | _omra~12 | _omre~12 |   ex1_om |   ex2_om |   CRS_TE  |   VRS_TE  |    SCALE  | RTS  |
     |       30 | 1.906177 | .5841104 |  .887333 |       10 |        3 | 1.691413 | .5183005 | 0.491097  | 0.491097  | 1.000000  |   -  |
     +----------------------------------------------------------------------------------------------------------------------------------+

     +----------------------------------------------------------------------------------------------------------------------------------+
 31. | dmu | y |   xtheo1 |   xtheo2 |       x1 |       x2 | _fdh_i~t | _fdhra~t | _fdhre~t |  ex1_fdh |  ex2_fdh | _oa_i~95 | _oara~95 |
     |  31 | 1 | 2.080254 | .4807104 | 2.557034 | 2.308054 | .2707909 |       40 |        2 | .6924214 |     .625 | .3910781 |       40 |
     |----------------------------------------------------------------------------------------------------------------------------------|
     | _oare~95 |   ex1_oa |   ex2_oa | _om_i~12 | _omra~12 | _omre~12 |   ex1_om |   ex2_om |   CRS_TE  |   VRS_TE  |    SCALE  | RTS  |
     |        4 |        1 | .9026296 |   .37486 |       40 |        4 | .9585297 | .8651972 | 0.218574  | 0.218574  | 1.000000  |   -  |
     +----------------------------------------------------------------------------------------------------------------------------------+

     +----------------------------------------------------------------------------------------------------------------------------------+
 32. | dmu | y |   xtheo1 |   xtheo2 |       x1 |       x2 | _fdh_i~t | _fdhra~t | _fdhre~t |  ex1_fdh |  ex2_fdh | _oa_i~95 | _oara~95 |
     |  32 | 1 | .5561101 | 1.798205 | .5856532 | 2.059628 | .4855247 |       26 |        1 | .2843491 |        1 | .9905931 |       14 |
     |----------------------------------------------------------------------------------------------------------------------------------|
     | _oare~95 |   ex1_oa |   ex2_oa | _om_i~12 | _omra~12 | _omre~12 |   ex1_om |   ex2_om |   CRS_TE  |   VRS_TE  |    SCALE  | RTS  |
     |       10 |  .580144 | 2.040253 | .9011496 |        8 |       10 | .5277611 | 1.856032 | 0.455258  | 0.455258  | 1.000000  |   -  |
     +----------------------------------------------------------------------------------------------------------------------------------+

     +----------------------------------------------------------------------------------------------------------------------------------+
 33. | dmu | y |   xtheo1 |   xtheo2 |       x1 |       x2 | _fdh_i~t | _fdhra~t | _fdhre~t |  ex1_fdh |  ex2_fdh | _oa_i~95 | _oara~95 |
     |  33 | 1 | 1.831597 | .5459717 | 1.898772 | .6870823 | .5266561 |       21 |        4 |        1 | .3618561 | .9096436 |       20 |
     |----------------------------------------------------------------------------------------------------------------------------------|
     | _oare~95 |   ex1_oa |   ex2_oa | _om_i~12 | _omra~12 | _omre~12 |   ex1_om |   ex2_om |   CRS_TE  |   VRS_TE  |    SCALE  | RTS  |
     |        2 | 1.727206 |     .625 | .8180076 |       26 |        3 |  1.55321 | .5620385 | 0.463905  | 0.463905  | 1.000000  |   -  |
     +----------------------------------------------------------------------------------------------------------------------------------+

     +----------------------------------------------------------------------------------------------------------------------------------+
 34. | dmu | y |   xtheo1 |   xtheo2 |       x1 |       x2 | _fdh_i~t | _fdhra~t | _fdhre~t |  ex1_fdh |  ex2_fdh | _oa_i~95 | _oara~95 |
     |  34 | 1 | 2.160578 | .4628392 | 2.190378 | .5667414 | .4565422 |       32 |        4 |        1 | .2587414 |        1 |        6 |
     |----------------------------------------------------------------------------------------------------------------------------------|
     | _oare~95 |   ex1_oa |   ex2_oa | _om_i~12 | _omra~12 | _omre~12 |   ex1_om |   ex2_om |   CRS_TE  |   VRS_TE  |    SCALE  | RTS  |
     |       34 | 2.190378 | .5667414 | .8660588 |       17 |        3 | 1.896996 | .4908314 | 0.451767  | 0.451767  | 1.000000  |   -  |
     +----------------------------------------------------------------------------------------------------------------------------------+

     +----------------------------------------------------------------------------------------------------------------------------------+
 35. | dmu | y |   xtheo1 |   xtheo2 |       x1 |       x2 | _fdh_i~t | _fdhra~t | _fdhre~t |  ex1_fdh |  ex2_fdh | _oa_i~95 | _oara~95 |
     |  35 | 1 | 1.581759 | .6322075 | 1.709189 | .6873414 | .5850727 |       13 |        4 |        1 | .4021447 | .9093007 |       21 |
     |----------------------------------------------------------------------------------------------------------------------------------|
     | _oare~95 |   ex1_oa |   ex2_oa | _om_i~12 | _omra~12 | _omre~12 |   ex1_om |   ex2_om |   CRS_TE  |   VRS_TE  |    SCALE  | RTS  |
     |        2 | 1.554167 |     .625 | .8567495 |       18 |        2 | 1.464347 | .5888794 | 0.494154  | 0.494154  | 1.000000  |   -  |
     +----------------------------------------------------------------------------------------------------------------------------------+

     +----------------------------------------------------------------------------------------------------------------------------------+
 36. | dmu | y |   xtheo1 |   xtheo2 |       x1 |       x2 | _fdh_i~t | _fdhra~t | _fdhre~t |  ex1_fdh |  ex2_fdh | _oa_i~95 | _oara~95 |
     |  36 | 1 | .7730274 | 1.293615 | .7810121 | 1.365753 | .4576232 |       31 |        2 | .3574092 |     .625 |        1 |        6 |
     |----------------------------------------------------------------------------------------------------------------------------------|
     | _oare~95 |   ex1_oa |   ex2_oa | _om_i~12 | _omra~12 | _omre~12 |   ex1_om |   ex2_om |   CRS_TE  |   VRS_TE  |    SCALE  | RTS  |
     |       36 | .7810121 | 1.365753 | .8748674 |       12 |       36 |  .683282 | 1.194852 | 0.455270  | 0.455270  | 1.000000  |   -  |
     +----------------------------------------------------------------------------------------------------------------------------------+

     +----------------------------------------------------------------------------------------------------------------------------------+
 37. | dmu | y |   xtheo1 |   xtheo2 |       x1 |       x2 | _fdh_i~t | _fdhra~t | _fdhre~t |  ex1_fdh |  ex2_fdh | _oa_i~95 | _oara~95 |
     |  37 | 1 | .8260486 | 1.210583 | .9555942 | 1.223212 | .5109498 |       25 |        2 | .4882607 |     .625 | .8633371 |       26 |
     |----------------------------------------------------------------------------------------------------------------------------------|
     | _oare~95 |   ex1_oa |   ex2_oa | _om_i~12 | _omra~12 | _omre~12 |   ex1_om |   ex2_om |   CRS_TE  |   VRS_TE  |    SCALE  | RTS  |
     |        3 |     .825 | 1.056044 | .8321611 |       25 |        1 | .7952084 |  1.01791 | 0.465999  | 0.465999  | 1.000000  |   -  |
     +----------------------------------------------------------------------------------------------------------------------------------+

     +----------------------------------------------------------------------------------------------------------------------------------+
 38. | dmu | y |   xtheo1 |   xtheo2 |       x1 |       x2 | _fdh_i~t | _fdhra~t | _fdhre~t |  ex1_fdh |  ex2_fdh | _oa_i~95 | _oara~95 |
     |  38 | 1 |   1.1721 | .8531695 | 1.196379 | .8776335 | .6895806 |        5 |        3 |     .825 |  .605199 | .8358552 |       27 |
     |----------------------------------------------------------------------------------------------------------------------------------|
     | _oare~95 |   ex1_oa |   ex2_oa | _om_i~12 | _omra~12 | _omre~12 |   ex1_om |   ex2_om |   CRS_TE  |   VRS_TE  |    SCALE  | RTS  |
     |        4 |        1 | .7335746 | .8711902 |       15 |        4 | 1.042274 | .7645857 | 0.527424  | 0.527424  | 1.000000  |   -  |
     +----------------------------------------------------------------------------------------------------------------------------------+

     +----------------------------------------------------------------------------------------------------------------------------------+
 39. | dmu | y |   xtheo1 |   xtheo2 |       x1 |       x2 | _fdh_i~t | _fdhra~t | _fdhre~t |  ex1_fdh |  ex2_fdh | _oa_i~95 | _oara~95 |
     |  39 | 1 | 1.800982 | .5552527 | 2.253716 | .6400698 | .4437116 |       33 |        4 |        1 | .2840064 | .8983058 |       23 |
     |----------------------------------------------------------------------------------------------------------------------------------|
     | _oare~95 |   ex1_oa |   ex2_oa | _om_i~12 | _omra~12 | _omre~12 |   ex1_om |   ex2_om |   CRS_TE  |   VRS_TE  |    SCALE  | RTS  |
     |       20 | 2.024526 | .5749784 | .7839627 |       33 |        3 | 1.766829 | .5017909 | 0.426185  | 0.426185  | 1.000000  |   -  |
     +----------------------------------------------------------------------------------------------------------------------------------+

     +----------------------------------------------------------------------------------------------------------------------------------+
 40. | dmu | y |   xtheo1 |   xtheo2 |       x1 |       x2 | _fdh_i~t | _fdhra~t | _fdhre~t |  ex1_fdh |  ex2_fdh | _oa_i~95 | _oara~95 |
     |  40 | 1 | .5943975 | 1.682376 | .8935312 | 1.738355 | .3917043 |       39 |        2 |      .35 | .6809211 | .8740736 |       24 |
     |----------------------------------------------------------------------------------------------------------------------------------|
     | _oare~95 |   ex1_oa |   ex2_oa | _om_i~12 | _omra~12 | _omre~12 |   ex1_om |   ex2_om |   CRS_TE  |   VRS_TE  |    SCALE  | RTS  |
     |       36 | .7810121 |  1.51945 | .7323012 |       35 |       36 |  .654334 |    1.273 | 0.380716  | 0.380716  | 1.000000  |   -  |
     +----------------------------------------------------------------------------------------------------------------------------------+
      name:  dealog
       log:  G:\Work\Work\STATA-DEA\dea.log
  log type:  text
 closed on:  21 Dec 2014, 15:37:30
---------------------------------------------------------------------------------------------------------------------------------------------
